2022-11-14 13:16:45 [Winston Log] info: 
    ################ Server listening on port 8080 ################
    
2022-11-14 13:16:45 [Winston Log] info: Mongoose Connected ...
        
2022-11-14 13:17:19 [Winston Log] info: success :  ë‹¨ì› ì¡°íšŒ ì„±ê³µ
2022-11-14 13:17:19 [Winston Log] info: [0mGET /unit/title [32m201[0m 31.978 ms - 4414[0m

2022-11-14 13:55:52 [Winston Log] info: success :  ë‹¨ì› ì¡°íšŒ ì„±ê³µ
2022-11-14 13:55:52 [Winston Log] info: [0mGET /unit/title [32m201[0m 38.089 ms - 4414[0m

2022-11-14 13:55:53 [Winston Log] info: success :  ë‹¨ì› ì¡°íšŒ ì„±ê³µ
2022-11-14 13:55:53 [Winston Log] info: [0mGET /unit/title [32m201[0m 19.122 ms - 4414[0m

2022-11-14 13:56:03 [Winston Log] info: success :  ë‹¨ì› ì¡°íšŒ ì„±ê³µ
2022-11-14 13:56:03 [Winston Log] info: [0mGET /unit/title [32m201[0m 17.553 ms - 4414[0m

2022-11-14 13:56:17 [Winston Log] info: success :  ë‹¨ì› ì¡°íšŒ ì„±ê³µ
2022-11-14 13:56:17 [Winston Log] info: [0mGET /unit/title [32m201[0m 17.492 ms - 4414[0m

2022-11-14 13:56:19 [Winston Log] info: success :  ë‹¨ì› ì¡°íšŒ ì„±ê³µ
2022-11-14 13:56:19 [Winston Log] info: [0mGET /unit/title [32m201[0m 15.104 ms - 4414[0m

2022-11-14 13:59:02 [Winston Log] info: success :  ë‹¨ì› ì¡°íšŒ ì„±ê³µ
2022-11-14 13:59:02 [Winston Log] info: [0mGET /unit/title [32m201[0m 17.187 ms - 4414[0m

2022-11-14 14:23:07 [Winston Log] info: success :  ë‹¨ì› ì¡°íšŒ ì„±ê³µ
2022-11-14 14:23:07 [Winston Log] info: [0mGET /unit/title [32m201[0m 17.467 ms - 4414[0m

2022-11-14 14:34:46 [Winston Log] info: success :  ë‹¨ì› ì¡°íšŒ ì„±ê³µ
2022-11-14 14:34:46 [Winston Log] info: [0mGET /unit/title [32m201[0m 15.880 ms - 4414[0m

2022-11-14 14:37:52 [Winston Log] info: success :  ë‹¨ì› ì¡°íšŒ ì„±ê³µ
2022-11-14 14:37:52 [Winston Log] info: [0mGET /unit/title [32m201[0m 17.869 ms - 4414[0m

2022-11-14 15:19:01 [Winston Log] info: success :  ë‹¨ì› ì¡°íšŒ ì„±ê³µ
2022-11-14 15:19:01 [Winston Log] info: [0mGET /unit/title [32m201[0m 15.116 ms - 4414[0m

2022-11-14 15:19:28 [Winston Log] info: success :  ë‹¨ì› ì¡°íšŒ ì„±ê³µ
2022-11-14 15:19:28 [Winston Log] info: [0mGET /unit/title [32m201[0m 13.128 ms - 4414[0m

2022-11-14 15:20:37 [Winston Log] info: success :  ë‹¨ì› ì¡°íšŒ ì„±ê³µ
2022-11-14 15:20:37 [Winston Log] info: [0mGET /unit/title [32m201[0m 13.032 ms - 4414[0m

