2022-10-31 22:28:17 [Winston 연습 어플리케이션] info: ################################################ Server listening on port 8080 ################################################
2022-10-31 22:29:43 [Winston 연습 어플리케이션] info: ################################################ Server listening on port 8080 ################################################
2022-10-31 22:31:00 [Winston Log] info: ################################################ Server listening on port 8080 ################################################
2022-10-31 22:31:31 [Winston Log] info: ################ Server listening on port 8080 ################
2022-10-31 22:32:15 [Winston Log] info: 
    ################ Server listening on port 8080 ################
    
2022-10-31 22:34:31 [Winston Log] info: 
    ################ Server listening on port 8080 ################
    
2022-10-31 22:34:46 [Winston Log] info: 
    ################ Server listening on port 8080 ################
    
2022-10-31 22:34:46 [Winston Log] info: 
        ################ Server listening on port 8080 ################
        
2022-10-31 22:35:25 [Winston Log] info: 
    ################ Server listening on port 8080 ################
    
2022-10-31 22:35:26 [Winston Log] info: 
            Mongoose Connected ...
        
2022-10-31 22:36:10 [Winston Log] info: 
    ################ Server listening on port 8080 ################
    
2022-10-31 22:36:10 [Winston Log] info: 
            Mongoose Connected ...
        
2022-10-31 22:39:36 [Winston Log] info: 
    ################ Server listening on port 8080 ################
    
2022-10-31 22:39:37 [Winston Log] info: 
            Mongoose Connected ...
        
2022-10-31 22:40:38 [Winston Log] info: 
    ################ Server listening on port 8080 ################
    
2022-10-31 22:40:38 [Winston Log] info: Mongoose Connected ...
2022-10-31 22:40:51 [Winston Log] info: 
    ################ Server listening on port 8080 ################
    
2022-10-31 22:40:51 [Winston Log] info: Mongoose Connected ...
        
2022-10-31 22:41:11 [Winston Log] info: 
    ################ Server listening on port 8080 ################
    
2022-10-31 22:41:12 [Winston Log] info: Mongoose Connected ...
        
2022-10-31 22:43:07 [Winston Log] info: 
    ################ Server listening on port 8080 ################
    
2022-10-31 22:43:07 [Winston Log] info: Mongoose Connected ...
        
2022-10-31 22:43:37 [Winston Log] info: 
    ################ Server listening on port 8080 ################
    
2022-10-31 22:43:37 [Winston Log] info: Mongoose Connected ...
        
2022-10-31 22:44:00 [Winston Log] info: 
    ################ Server listening on port 8080 ################
    
2022-10-31 22:44:00 [Winston Log] info: Mongoose Connected ...
        
2022-10-31 22:44:05 [Winston Log] info: 
    ################ Server listening on port 8080 ################
    
2022-10-31 22:44:06 [Winston Log] info: Mongoose Connected ...
        
2022-10-31 22:44:47 [Winston Log] info: 
    ################ Server listening on port 8080 ################
    
2022-10-31 22:44:48 [Winston Log] info: Mongoose Connected ...
        
2022-10-31 22:45:26 [Winston Log] info: 
    ################ Server listening on port 8080 ################
    
2022-10-31 22:45:26 [Winston Log] info: Mongoose Connected ...
        
2022-10-31 22:47:35 [Winston Log] info: 
    ################ Server listening on port 8080 ################
    
2022-10-31 22:47:35 [Winston Log] info: Mongoose Connected ...
        
2022-10-31 22:48:06 [Winston Log] info: 
    ################ Server listening on port 8080 ################
    
2022-10-31 22:48:06 [Winston Log] info: Mongoose Connected ...
        
2022-10-31 22:48:16 [Winston Log] info: 
    ################ Server listening on port 8080 ################
    
2022-10-31 22:48:16 [Winston Log] info: Mongoose Connected ...
        
2022-10-31 22:49:05 [Winston Log] info: 
    ################ Server listening on port 8080 ################
    
2022-10-31 22:49:05 [Winston Log] info: Mongoose Connected ...
        
2022-10-31 22:53:22 [Winston Log] info: 
    ################ Server listening on port 8080 ################
    
2022-10-31 22:53:22 [Winston Log] info: Mongoose Connected ...
        
2022-10-31 22:55:28 [Winston Log] info: 
    ################ Server listening on port 8080 ################
    
2022-10-31 22:55:28 [Winston Log] info: Mongoose Connected ...
        
2022-10-31 22:55:49 [Winston Log] info: 
    ################ Server listening on port 8080 ################
    
2022-10-31 22:55:49 [Winston Log] info: Mongoose Connected ...
        
2022-10-31 23:16:50 [Winston Log] info: 
    ################ Server listening on port 8080 ################
    
2022-10-31 23:16:50 [Winston Log] info: Mongoose Connected ...
        
2022-10-31 23:17:08 [Winston Log] info: 
    ################ Server listening on port 8080 ################
    
2022-10-31 23:17:09 [Winston Log] info: Mongoose Connected ...
        
2022-10-31 23:18:08 [Winston Log] info: 
    ################ Server listening on port 8080 ################
    
2022-10-31 23:18:08 [Winston Log] info: Mongoose Connected ...
        
2022-10-31 23:18:21 [Winston Log] info: 
    ################ Server listening on port 8080 ################
    
2022-10-31 23:18:21 [Winston Log] info: Mongoose Connected ...
        
2022-10-31 23:18:34 [Winston Log] info: 
    ################ Server listening on port 8080 ################
    
2022-10-31 23:18:35 [Winston Log] info: Mongoose Connected ...
        
2022-10-31 23:18:57 [Winston Log] info: 
    ################ Server listening on port 8080 ################
    
2022-10-31 23:18:58 [Winston Log] info: Mongoose Connected ...
        
2022-10-31 23:19:14 [Winston Log] info: 
    ################ Server listening on port 8080 ################
    
2022-10-31 23:19:14 [Winston Log] info: Mongoose Connected ...
        
2022-10-31 23:19:41 [Winston Log] info: 
    ################ Server listening on port 8080 ################
    
2022-10-31 23:19:42 [Winston Log] info: Mongoose Connected ...
        
2022-10-31 23:19:47 [Winston Log] info: 
    ################ Server listening on port 8080 ################
    
2022-10-31 23:19:48 [Winston Log] info: Mongoose Connected ...
        
2022-10-31 23:19:52 [Winston Log] info: 
    ################ Server listening on port 8080 ################
    
2022-10-31 23:19:52 [Winston Log] info: Mongoose Connected ...
        
2022-10-31 23:19:58 [Winston Log] info: 
    ################ Server listening on port 8080 ################
    
2022-10-31 23:19:59 [Winston Log] info: Mongoose Connected ...
        
2022-10-31 23:21:11 [Winston Log] info: 
    ################ Server listening on port 8080 ################
    
2022-10-31 23:21:11 [Winston Log] info: Mongoose Connected ...
        
2022-10-31 23:21:24 [Winston Log] info: 
    ################ Server listening on port 8080 ################
    
2022-10-31 23:21:24 [Winston Log] info: Mongoose Connected ...
        
2022-10-31 23:22:07 [Winston Log] info: 
    ################ Server listening on port 8080 ################
    
2022-10-31 23:22:07 [Winston Log] info: Mongoose Connected ...
        
2022-10-31 23:22:25 [Winston Log] info: 
    ################ Server listening on port 8080 ################
    
2022-10-31 23:22:25 [Winston Log] info: Mongoose Connected ...
        
2022-10-31 23:23:10 [Winston Log] info: 
    ################ Server listening on port 8080 ################
    
2022-10-31 23:23:11 [Winston Log] info: Mongoose Connected ...
        
2022-10-31 23:23:46 [Winston Log] info: 
    ################ Server listening on port 8080 ################
    
2022-10-31 23:23:47 [Winston Log] info: Mongoose Connected ...
        
2022-10-31 23:24:30 [Winston Log] info: 
    ################ Server listening on port 8080 ################
    
2022-10-31 23:24:30 [Winston Log] info: Mongoose Connected ...
        
2022-10-31 23:25:05 [Winston Log] info: 
    ################ Server listening on port 8080 ################
    
2022-10-31 23:25:05 [Winston Log] info: Mongoose Connected ...
        
2022-10-31 23:25:18 [Winston Log] info: 
    ################ Server listening on port 8080 ################
    
2022-10-31 23:25:19 [Winston Log] info: Mongoose Connected ...
        
2022-10-31 23:25:56 [Winston Log] info: 
    ################ Server listening on port 8080 ################
    
2022-10-31 23:25:56 [Winston Log] info: Mongoose Connected ...
        
2022-10-31 23:33:50 [Winston Log] info: 
    ################ Server listening on port 8080 ################
    
2022-10-31 23:33:51 [Winston Log] info: Mongoose Connected ...
        
2022-10-31 23:33:55 [Winston Log] info: 
    ################ Server listening on port 8080 ################
    
2022-10-31 23:33:55 [Winston Log] info: Mongoose Connected ...
        
2022-10-31 23:35:58 [Winston Log] info: 
    ################ Server listening on port 8080 ################
    
2022-10-31 23:35:59 [Winston Log] info: Mongoose Connected ...
        
2022-10-31 23:36:04 [Winston Log] info: 
    ################ Server listening on port 8080 ################
    
2022-10-31 23:36:04 [Winston Log] info: Mongoose Connected ...
        
2022-10-31 23:36:41 [Winston Log] info: 
    ################ Server listening on port 8080 ################
    
2022-10-31 23:36:41 [Winston Log] info: Mongoose Connected ...
        
2022-10-31 23:36:50 [Winston Log] info: 
    ################ Server listening on port 8080 ################
    
2022-10-31 23:36:50 [Winston Log] info: Mongoose Connected ...
        
2022-10-31 23:39:05 [Winston Log] info: 
    ################ Server listening on port 8080 ################
    
2022-10-31 23:39:05 [Winston Log] info: Mongoose Connected ...
        
2022-10-31 23:39:15 [Winston Log] info: 
    ################ Server listening on port 8080 ################
    
2022-10-31 23:39:15 [Winston Log] info: Mongoose Connected ...
        
2022-10-31 23:39:41 [Winston Log] info: 
    ################ Server listening on port 8080 ################
    
2022-10-31 23:39:41 [Winston Log] info: Mongoose Connected ...
        
2022-10-31 23:40:34 [Winston Log] info: 
    ################ Server listening on port 8080 ################
    
2022-10-31 23:40:35 [Winston Log] info: Mongoose Connected ...
        
2022-10-31 23:41:22 [Winston Log] info: 
    ################ Server listening on port 8080 ################
    
2022-10-31 23:41:23 [Winston Log] info: Mongoose Connected ...
        
2022-10-31 23:46:14 [Winston Log] info: success :  단원 생성 성공
2022-10-31 23:46:14 [Winston Log] info: [0mPOST /unit/title [32m201[0m 25.638 ms - 104[0m

2022-10-31 23:46:37 [Winston Log] info: success :  단원 생성 성공
2022-10-31 23:46:37 [Winston Log] info: [0mPOST /unit/title [32m201[0m 16.722 ms - 104[0m

2022-10-31 23:51:50 [Winston Log] info: 
    ################ Server listening on port 8080 ################
    
2022-10-31 23:51:50 [Winston Log] info: Mongoose Connected ...
        
2022-10-31 23:51:57 [Winston Log] info: success :  단원 조회 성공
2022-10-31 23:51:57 [Winston Log] info: [0mGET /unit/title/635fdfb60449809c2bee5948 [32m201[0m 16.370 ms - 74[0m

2022-10-31 23:53:42 [Winston Log] info: 
    ################ Server listening on port 8080 ################
    
2022-10-31 23:53:42 [Winston Log] info: Mongoose Connected ...
        
2022-10-31 23:53:44 [Winston Log] info: success :  단원 조회 성공
2022-10-31 23:53:44 [Winston Log] info: [0mGET /unit/title/635fdfb60449809c2bee5948 [32m201[0m 19.407 ms - 296[0m

2022-10-31 23:57:45 [Winston Log] info: 
    ################ Server listening on port 8080 ################
    
2022-10-31 23:57:45 [Winston Log] info: Mongoose Connected ...
        
2022-10-31 23:58:08 [Winston Log] info: 
    ################ Server listening on port 8080 ################
    
2022-10-31 23:58:08 [Winston Log] info: Mongoose Connected ...
        
2022-10-31 23:58:15 [Winston Log] info: 
    ################ Server listening on port 8080 ################
    
2022-10-31 23:58:15 [Winston Log] info: Mongoose Connected ...
        
2022-10-31 23:58:26 [Winston Log] info: success :  단원 조회 성공
2022-10-31 23:58:26 [Winston Log] info: [0mGET /unit/title/635fdfb60449809c2bee5948 [32m201[0m 18.246 ms - 296[0m

2022-10-31 23:59:51 [Winston Log] info: 
    ################ Server listening on port 8080 ################
    
2022-10-31 23:59:51 [Winston Log] info: Mongoose Connected ...
        
