2022-11-01 00:01:54 [Winston Log] info: 
    ################ Server listening on port 8080 ################
    
2022-11-01 00:01:54 [Winston Log] info: Mongoose Connected ...
        
2022-11-01 00:02:08 [Winston Log] info: 
    ################ Server listening on port 8080 ################
    
2022-11-01 00:02:08 [Winston Log] info: Mongoose Connected ...
        
2022-11-01 00:03:12 [Winston Log] info: 
    ################ Server listening on port 8080 ################
    
2022-11-01 00:03:12 [Winston Log] info: Mongoose Connected ...
        
2022-11-01 00:04:06 [Winston Log] info: 
    ################ Server listening on port 8080 ################
    
2022-11-01 00:04:06 [Winston Log] info: Mongoose Connected ...
        
2022-11-01 00:04:34 [Winston Log] info: 
    ################ Server listening on port 8080 ################
    
2022-11-01 00:04:34 [Winston Log] info: Mongoose Connected ...
        
2022-11-01 00:07:31 [Winston Log] info: 
    ################ Server listening on port 8080 ################
    
2022-11-01 00:07:31 [Winston Log] info: Mongoose Connected ...
        
2022-11-01 00:09:31 [Winston Log] info: 
    ################ Server listening on port 8080 ################
    
2022-11-01 00:09:31 [Winston Log] info: Mongoose Connected ...
        
2022-11-01 00:13:17 [Winston Log] info: 
    ################ Server listening on port 8080 ################
    
2022-11-01 00:13:17 [Winston Log] info: Mongoose Connected ...
        
2022-11-01 00:13:28 [Winston Log] info: 
    ################ Server listening on port 8080 ################
    
2022-11-01 00:13:28 [Winston Log] info: Mongoose Connected ...
        
2022-11-01 00:13:34 [Winston Log] info: 
    ################ Server listening on port 8080 ################
    
2022-11-01 00:13:34 [Winston Log] info: Mongoose Connected ...
        
2022-11-01 00:16:30 [Winston Log] info: 
    ################ Server listening on port 8080 ################
    
2022-11-01 00:16:30 [Winston Log] info: Mongoose Connected ...
        
2022-11-01 00:20:04 [Winston Log] info: 
    ################ Server listening on port 8080 ################
    
2022-11-01 00:20:04 [Winston Log] info: Mongoose Connected ...
        
2022-11-01 00:37:51 [Winston Log] info: 
    ################ Server listening on port 8080 ################
    
2022-11-01 00:37:51 [Winston Log] info: Mongoose Connected ...
        
2022-11-01 00:39:50 [Winston Log] info: 
    ################ Server listening on port 8080 ################
    
2022-11-01 00:39:51 [Winston Log] info: Mongoose Connected ...
        
2022-11-01 00:43:54 [Winston Log] info: 
    ################ Server listening on port 8080 ################
    
2022-11-01 00:43:55 [Winston Log] info: Mongoose Connected ...
        
2022-11-01 00:44:04 [Winston Log] info: 
    ################ Server listening on port 8080 ################
    
2022-11-01 00:44:05 [Winston Log] info: Mongoose Connected ...
        
2022-11-01 00:46:15 [Winston Log] info: 
    ################ Server listening on port 8080 ################
    
2022-11-01 00:46:15 [Winston Log] info: Mongoose Connected ...
        
2022-11-01 00:46:27 [Winston Log] info: 
    ################ Server listening on port 8080 ################
    
2022-11-01 00:46:27 [Winston Log] info: Mongoose Connected ...
        
2022-11-01 00:47:28 [Winston Log] info: 
    ################ Server listening on port 8080 ################
    
2022-11-01 00:47:28 [Winston Log] info: Mongoose Connected ...
        
2022-11-01 00:47:59 [Winston Log] info: 
    ################ Server listening on port 8080 ################
    
2022-11-01 00:48:00 [Winston Log] info: Mongoose Connected ...
        
2022-11-01 00:48:08 [Winston Log] info: 
    ################ Server listening on port 8080 ################
    
2022-11-01 00:48:08 [Winston Log] info: Mongoose Connected ...
        
2022-11-01 00:48:13 [Winston Log] info: {
  additional: { category: '내 컨텐츠', category_number: 1 },
  _id: new ObjectId("635fdfb60449809c2bee5948"),
  title: '네트워크',
  content: '네트워크를 배웁시다.',
  dateTimeOfUnitTitleCreating: 2022-10-31T14:46:14.031Z,
  __v: 0
},{
  additional: { category: '내 컨텐츠', category_number: 1 },
  _id: new ObjectId("635fdfcd0449809c2bee594a"),
  title: '운영체제',
  content: '운영체제를 배웁시다.',
  dateTimeOfUnitTitleCreating: 2022-10-31T14:46:37.226Z,
  __v: 0
}
2022-11-01 00:50:04 [Winston Log] info: 
    ################ Server listening on port 8080 ################
    
2022-11-01 00:50:04 [Winston Log] info: Mongoose Connected ...
        
2022-11-01 00:50:07 [Winston Log] info: {
  additional: { category: '내 컨텐츠', category_number: 1 },
  _id: new ObjectId("635fdfb60449809c2bee5948"),
  title: '네트워크',
  content: '네트워크를 배웁시다.',
  dateTimeOfUnitTitleCreating: 2022-10-31T14:46:14.031Z,
  __v: 0
},{
  additional: { category: '내 컨텐츠', category_number: 1 },
  _id: new ObjectId("635fdfcd0449809c2bee594a"),
  title: '운영체제',
  content: '운영체제를 배웁시다.',
  dateTimeOfUnitTitleCreating: 2022-10-31T14:46:37.226Z,
  __v: 0
}
2022-11-01 00:51:04 [Winston Log] info: 
    ################ Server listening on port 8080 ################
    
2022-11-01 00:51:04 [Winston Log] info: Mongoose Connected ...
        
2022-11-01 00:51:54 [Winston Log] info: 
    ################ Server listening on port 8080 ################
    
2022-11-01 00:51:55 [Winston Log] info: Mongoose Connected ...
        
2022-11-01 00:52:01 [Winston Log] info: 
    ################ Server listening on port 8080 ################
    
2022-11-01 00:52:01 [Winston Log] info: Mongoose Connected ...
        
2022-11-01 00:52:04 [Winston Log] info: @@@@@@@@@@@@@@@@@@@@@@@ : 
2022-11-01 00:52:04 [Winston Log] error: errorrrrrrrrrrrrr :  res.status is not a function
2022-11-01 00:55:42 [Winston Log] info: 
    ################ Server listening on port 8080 ################
    
2022-11-01 00:55:42 [Winston Log] info: Mongoose Connected ...
        
2022-11-01 00:55:48 [Winston Log] info: @@@@@@@@@@@@@@@@@@@@@@@ : 
2022-11-01 00:55:48 [Winston Log] error: errorrrrrrrrrrrrr :  res.status is not a function
2022-11-01 00:56:23 [Winston Log] info: 
    ################ Server listening on port 8080 ################
    
2022-11-01 00:56:23 [Winston Log] info: Mongoose Connected ...
        
2022-11-01 00:56:27 [Winston Log] info: @@@@@@@@@@@@@@@@@@@@@@@ : 
2022-11-01 00:56:27 [Winston Log] error: errorrrrrrrrrrrrr :  res.status is not a function
2022-11-01 15:01:48 [Winston Log] info: 
    ################ Server listening on port 8080 ################
    
2022-11-01 15:01:48 [Winston Log] info: Mongoose Connected ...
        
2022-11-01 15:04:04 [Winston Log] info: @@@@@@@@@@@@@@@@@@@@@@@ : 
2022-11-01 15:04:04 [Winston Log] error: errorrrrrrrrrrrrr :  res.status is not a function
2022-11-01 16:54:02 [Winston Log] info: 
    ################ Server listening on port 8080 ################
    
2022-11-01 16:54:03 [Winston Log] info: Mongoose Connected ...
        
2022-11-01 16:55:49 [Winston Log] info: 
    ################ Server listening on port 8080 ################
    
2022-11-01 16:55:49 [Winston Log] info: Mongoose Connected ...
        
2022-11-01 16:56:00 [Winston Log] info: 
    ################ Server listening on port 8080 ################
    
2022-11-01 16:56:00 [Winston Log] info: Mongoose Connected ...
        
2022-11-01 16:56:16 [Winston Log] info: success :  포스팅 조회 성공
2022-11-01 16:56:16 [Winston Log] info: [0mGET /post/635fabf8bf0c844b8f72c097 [32m201[0m 24.156 ms - 263[0m

2022-11-01 16:56:16 [Winston Log] info: success :  포스팅 조회 성공
2022-11-01 16:56:16 [Winston Log] info: [0mGET /post/635fabf8bf0c844b8f72c097 [32m201[0m 12.892 ms - 263[0m

2022-11-01 16:56:50 [Winston Log] info: @@@@@@@@@@@@@@@@@@@@@@@ : 
2022-11-01 16:56:50 [Winston Log] error: errorrrrrrrrrrrrr :  res.status is not a function
2022-11-01 17:04:58 [Winston Log] info: 
    ################ Server listening on port 8080 ################
    
2022-11-01 17:04:59 [Winston Log] info: Mongoose Connected ...
        
2022-11-01 17:05:08 [Winston Log] info: 
    ################ Server listening on port 8080 ################
    
2022-11-01 17:05:08 [Winston Log] info: Mongoose Connected ...
        
2022-11-01 17:05:17 [Winston Log] info: @@@@@@@@@@@@@@@@@@@@@@@ : 
2022-11-01 17:05:41 [Winston Log] info: [0mGET /unit/title [0m-[0m - ms - -[0m

2022-11-01 17:05:50 [Winston Log] info: 
    ################ Server listening on port 8080 ################
    
2022-11-01 17:05:50 [Winston Log] info: Mongoose Connected ...
        
2022-11-01 17:05:53 [Winston Log] info: @@@@@@@@@@@@@@@@@@@@@@@ : 
2022-11-01 17:05:56 [Winston Log] info: [0mGET /unit/title [0m-[0m - ms - -[0m

2022-11-01 17:06:03 [Winston Log] info: 
    ################ Server listening on port 8080 ################
    
2022-11-01 17:06:04 [Winston Log] info: Mongoose Connected ...
        
2022-11-01 17:06:05 [Winston Log] info: @@@@@@@@@@@@@@@@@@@@@@@ : 
2022-11-01 17:06:05 [Winston Log] error: errorrrrrrrrrrrrr :  res.status is not a function
2022-11-01 17:06:07 [Winston Log] info: [0mGET /unit/title [0m-[0m - ms - -[0m

2022-11-01 17:06:13 [Winston Log] info: 
    ################ Server listening on port 8080 ################
    
2022-11-01 17:06:13 [Winston Log] info: Mongoose Connected ...
        
2022-11-01 17:09:51 [Winston Log] info: success :  단원 조회 성공
2022-11-01 17:09:51 [Winston Log] info: [0mGET /unit/title/635fdfb60449809c2bee5948 [32m201[0m 23.346 ms - 296[0m

2022-11-01 17:10:40 [Winston Log] info: 
    ################ Server listening on port 8080 ################
    
2022-11-01 17:10:40 [Winston Log] info: Mongoose Connected ...
        
2022-11-01 17:11:05 [Winston Log] info: @@@@@@@@@@@@@@@@@@@@@@@ : 
2022-11-01 17:11:05 [Winston Log] info: @@@@@@@@@@@@@@@@@@resresresresres : 
2022-11-01 17:11:05 [Winston Log] error: errorrrrrrrrrrrrr :  res.status is not a function
2022-11-01 17:14:58 [Winston Log] info: 
    ################ Server listening on port 8080 ################
    
2022-11-01 17:14:58 [Winston Log] info: Mongoose Connected ...
        
2022-11-01 17:15:03 [Winston Log] info: @@@@@@@@@@@@@@@@@@@@@@@ : 
2022-11-01 17:15:03 [Winston Log] info: @@@@@@@@@@@@@@@@@@resresresresres : 
2022-11-01 17:15:03 [Winston Log] error: errorrrrrrrrrrrrr :  res.status is not a function
2022-11-01 17:15:05 [Winston Log] info: [0mGET /unit/title [0m-[0m - ms - -[0m

2022-11-01 17:27:59 [Winston Log] info: 
    ################ Server listening on port 8080 ################
    
2022-11-01 17:27:59 [Winston Log] info: Mongoose Connected ...
        
