2022-11-07 22:42:59 [Winston Log] error: uncaughtException: Cannot find module 'bcrypt'
Require stack:
- C:\Workspace\4DD-server\src\services\userService.ts
- C:\Workspace\4DD-server\src\services\index.ts
- C:\Workspace\4DD-server\src\controllers\postController.ts
- C:\Workspace\4DD-server\src\controllers\index.ts
- C:\Workspace\4DD-server\src\router\postRouter.ts
- C:\Workspace\4DD-server\src\router\index.ts
- C:\Workspace\4DD-server\src\index.ts
Error: Cannot find module 'bcrypt'
Require stack:
- C:\Workspace\4DD-server\src\services\userService.ts
- C:\Workspace\4DD-server\src\services\index.ts
- C:\Workspace\4DD-server\src\controllers\postController.ts
- C:\Workspace\4DD-server\src\controllers\index.ts
- C:\Workspace\4DD-server\src\router\postRouter.ts
- C:\Workspace\4DD-server\src\router\index.ts
- C:\Workspace\4DD-server\src\index.ts
    at Function.Module._resolveFilename (node:internal/modules/cjs/loader:956:15)
    at Function.Module._resolveFilename.sharedData.moduleResolveFilenameHook.installedValue [as _resolveFilename] (C:\Users\hello\AppData\Local\Yarn\Data\global\node_modules\@cspotcode\source-map-support\source-map-support.js:811:30)
    at Function.Module._load (node:internal/modules/cjs/loader:804:27)
    at Module.require (node:internal/modules/cjs/loader:1022:19)
    at require (node:internal/modules/cjs/helpers:102:18)
    at Object.<anonymous> (C:\Workspace\4DD-server\src\services\userService.ts:9:1)
    at Module._compile (node:internal/modules/cjs/loader:1120:14)
    at Module.m._compile (C:\Users\hello\AppData\Local\Yarn\Data\global\node_modules\ts-node\src\index.ts:1618:23)
    at Module._extensions..js (node:internal/modules/cjs/loader:1174:10)
    at Object.require.extensions.<computed> [as .ts] (C:\Users\hello\AppData\Local\Yarn\Data\global\node_modules\ts-node\src\index.ts:1621:12)
2022-11-07 22:49:36 [Winston Log] error: uncaughtException: Converting circular structure to JSON
    --> starting at object with constructor 'Socket'
    |     property 'parser' -> object with constructor 'HTTPParser'
    --- property 'socket' closes the circle
TypeError: Converting circular structure to JSON
    --> starting at object with constructor 'Socket'
    |     property 'parser' -> object with constructor 'HTTPParser'
    --- property 'socket' closes the circle
    at JSON.stringify (<anonymous>)
    at C:\Workspace\4DD-server\src\middlewares\jwtMiddleware.ts:10:37
    at Generator.next (<anonymous>)
    at C:\Workspace\4DD-server\src\middlewares\jwtMiddleware.ts:8:71
    at new Promise (<anonymous>)
    at __awaiter (C:\Workspace\4DD-server\src\middlewares\jwtMiddleware.ts:4:12)
    at jwtMiddleware (C:\Workspace\4DD-server\src\middlewares\jwtMiddleware.ts:6:81)
    at Layer.handle [as handle_request] (C:\Workspace\4DD-server\node_modules\express\lib\router\layer.js:95:5)
    at trim_prefix (C:\Workspace\4DD-server\node_modules\express\lib\router\index.js:328:13)
    at C:\Workspace\4DD-server\node_modules\express\lib\router\index.js:286:9
2022-11-07 22:50:07 [Winston Log] error: uncaughtException: Converting circular structure to JSON
    --> starting at object with constructor 'Socket'
    |     property 'parser' -> object with constructor 'HTTPParser'
    --- property 'socket' closes the circle
TypeError: Converting circular structure to JSON
    --> starting at object with constructor 'Socket'
    |     property 'parser' -> object with constructor 'HTTPParser'
    --- property 'socket' closes the circle
    at JSON.stringify (<anonymous>)
    at C:\Workspace\4DD-server\src\middlewares\jwtMiddleware.ts:10:37
    at Generator.next (<anonymous>)
    at C:\Workspace\4DD-server\src\middlewares\jwtMiddleware.ts:8:71
    at new Promise (<anonymous>)
    at __awaiter (C:\Workspace\4DD-server\src\middlewares\jwtMiddleware.ts:4:12)
    at jwtMiddleware (C:\Workspace\4DD-server\src\middlewares\jwtMiddleware.ts:6:81)
    at Layer.handle [as handle_request] (C:\Workspace\4DD-server\node_modules\express\lib\router\layer.js:95:5)
    at trim_prefix (C:\Workspace\4DD-server\node_modules\express\lib\router\index.js:328:13)
    at C:\Workspace\4DD-server\node_modules\express\lib\router\index.js:286:9
